<?xml version="1.0" encoding="UTF-8"?>
<testsuite xmlns:xsi="http://www.w3.org/2001/XMLSchema-instance" xsi:noNamespaceSchemaLocation="https://maven.apache.org/surefire/maven-surefire-plugin/xsd/surefire-test-report-3.0.xsd" version="3.0" name="com.acme.voting.domain.service.VotingServiceTest" time="2.155" tests="4" errors="0" skipped="0" failures="0">
  <properties>
[...]
</properties>
  <testcase name="shouldIdentifyMostVotedMayorAndCouncilor" classname="com.acme.voting.domain.service.VotingServiceTest" time="1.868">
    <system-out><![CDATA[13:45:56.026 [main] INFO  c.a.v.domain.service.VotingService - Partido registrado: Party Eleven
13:45:56.067 [main] INFO  c.a.v.domain.service.VotingService - Candidato registrado: Councilor A (M1)
13:45:56.067 [main] INFO  c.a.v.domain.service.VotingService - Candidato registrado: Councilor B (M1)
13:45:56.067 [main] INFO  c.a.v.domain.service.VotingService - Candidato registrado: Mayor A (M1)
13:45:56.067 [main] INFO  c.a.v.domain.service.VotingService - Candidato registrado: Mayor B (M2)
]]></system-out>
  </testcase>
  <testcase name="shouldRegisterCandidate" classname="com.acme.voting.domain.service.VotingServiceTest" time="0.125">
    <system-out><![CDATA[13:45:56.568 [main] INFO  c.a.v.domain.service.VotingService - Partido registrado: Party Eleven
13:45:56.575 [main] INFO  c.a.v.domain.service.VotingService - Candidato registrado: John Doe (Anytown)
]]></system-out>
  </testcase>
  <testcase name="shouldAccumulateVotes" classname="com.acme.voting.domain.service.VotingServiceTest" time="0.043">
    <system-out><![CDATA[13:45:56.693 [main] INFO  c.a.v.domain.service.VotingService - Partido registrado: Party Eleven
13:45:56.694 [main] INFO  c.a.v.domain.service.VotingService - Candidato registrado: John Doe (Anytown)
]]></system-out>
  </testcase>
  <testcase name="shouldNotRegisterDuplicateCandidate" classname="com.acme.voting.domain.service.VotingServiceTest" time="0.003">
    <system-out><![CDATA[13:45:56.734 [main] INFO  c.a.v.domain.service.VotingService - Partido registrado: Party Eleven
13:45:56.735 [main] INFO  c.a.v.domain.service.VotingService - Candidato registrado: John Doe (Anytown)
]]></system-out>
  </testcase>
</testsuite>